Using pre-set license
Built from '2020.3/staging' branch; Version is '2020.3.8f1 (507919d4fff5) revision 5273881'; Using compiler version '192528614'; Build Type 'Release'
OS: 'Windows 10 Pro; OS build 19042.985; Version 2009; 64bit' Language: 'ko' Physical Memory: 16315 MB
BatchMode: 1, IsHumanControllingUs: 0, StartBugReporterOnCrash: 0, Is64bit: 1, IsPro: 0

 COMMAND LINE ARGUMENTS:
C:\Program Files\Unity\Hub\Editor\2020.3.8f1\Editor\Unity.exe
-adb2
-batchMode
-noUpm
-name
AssetImportWorker0
-projectPath
C:/Users/user/Documents/GitHub/BetweenTheWalls/BetweenTheWalls
-logFile
Logs/AssetImportWorker0.log
-srvPort
59251
Successfully changed project path to: C:/Users/user/Documents/GitHub/BetweenTheWalls/BetweenTheWalls
C:/Users/user/Documents/GitHub/BetweenTheWalls/BetweenTheWalls
Using Asset Import Pipeline V2.
Refreshing native plugins compatible for Editor in 32.95 ms, found 1 plugins.
Preloading 0 native plugins for Editor in 0.00 ms.
Initialize engine version: 2020.3.8f1 (507919d4fff5)
[Subsystems] Discovering subsystems at path C:/Program Files/Unity/Hub/Editor/2020.3.8f1/Editor/Data/Resources/UnitySubsystems
[Subsystems] Discovering subsystems at path C:/Users/user/Documents/GitHub/BetweenTheWalls/BetweenTheWalls/Assets
GfxDevice: creating device client; threaded=0
Direct3D:
    Version:  Direct3D 11.0 [level 11.1]
    Renderer: NVIDIA GeForce GTX 1650 SUPER (ID=0x2187)
    Vendor:   
    VRAM:     3955 MB
    Driver:   27.21.14.5730
Initialize mono
Mono path[0] = 'C:/Program Files/Unity/Hub/Editor/2020.3.8f1/Editor/Data/Managed'
Mono path[1] = 'C:/Program Files/Unity/Hub/Editor/2020.3.8f1/Editor/Data/MonoBleedingEdge/lib/mono/unityjit'
Mono config path = 'C:/Program Files/Unity/Hub/Editor/2020.3.8f1/Editor/Data/MonoBleedingEdge/etc'
Using monoOptions --debugger-agent=transport=dt_socket,embedding=1,server=y,suspend=n,address=127.0.0.1:56864
Begin MonoManager ReloadAssembly
Registering precompiled unity dll's ...
Register platform support module: C:/Program Files/Unity/Hub/Editor/2020.3.8f1/Editor/Data/PlaybackEngines/WindowsStandaloneSupport/UnityEditor.WindowsStandalone.Extensions.dll
Registered in 0.002057 seconds.
Native extension for WindowsStandalone target not found
Refreshing native plugins compatible for Editor in 33.55 ms, found 1 plugins.
Preloading 0 native plugins for Editor in 0.00 ms.
Mono: successfully reloaded assembly
- Completed reload, in  0.935 seconds
Platform modules already initialized, skipping
Registering precompiled user dll's ...
Registered in 0.000883 seconds.
Begin MonoManager ReloadAssembly
Native extension for WindowsStandalone target not found
Refreshing native plugins compatible for Editor in 33.09 ms, found 1 plugins.
Preloading 0 native plugins for Editor in 0.00 ms.
Mono: successfully reloaded assembly
- Completed reload, in  0.913 seconds
Platform modules already initialized, skipping
========================================================================
Worker process is ready to serve import requests
Launched and connected shader compiler UnityShaderCompiler.exe after 0.04 seconds
Refreshing native plugins compatible for Editor in 0.33 ms, found 1 plugins.
Preloading 0 native plugins for Editor in 0.00 ms.
Unloading 1810 Unused Serialized files (Serialized files now loaded: 0)
System memory in use before: 85.0 MB.
System memory in use after: 85.0 MB.

Unloading 24 unused Assets to reduce memory usage. Loaded Objects now: 2254.
Total: 2.101700 ms (FindLiveObjects: 0.186800 ms CreateObjectMapping: 0.061900 ms MarkObjects: 1.736100 ms  DeleteObjects: 0.116100 ms)

========================================================================
Received Import Request.
  path: Assets/Sprite/UI/Stamina.png
  artifactKey: Guid(ef1c7a5542e170747aaf4e8e0a5b503a) Importer(815301076,1909f56bfc062723c751e8b465ee728b)
Start importing Assets/Sprite/UI/Stamina.png using Guid(ef1c7a5542e170747aaf4e8e0a5b503a) Importer(815301076,1909f56bfc062723c751e8b465ee728b)  -> (artifact id: '927543232a5206aa3e29f830b9c42626') in 0.126645 seconds
  Import took 0.129400 seconds .

========================================================================
Received Import Request.
  Time since last request: 0.000335 seconds.
  path: Assets/Sprite/UI/BulletIcon.png
  artifactKey: Guid(23b1956f42329bb41ae843d71fc8dc4e) Importer(815301076,1909f56bfc062723c751e8b465ee728b)
Start importing Assets/Sprite/UI/BulletIcon.png using Guid(23b1956f42329bb41ae843d71fc8dc4e) Importer(815301076,1909f56bfc062723c751e8b465ee728b)  -> (artifact id: 'e10f30233fa9c0cd90f5b20381bdd20b') in 0.009666 seconds
  Import took 0.012370 seconds .

========================================================================
Received Import Request.
  Time since last request: 0.000195 seconds.
  path: Assets/Sprite/Floor.png
  artifactKey: Guid(61c3a08073a416941ac602bc1c0e18d5) Importer(815301076,1909f56bfc062723c751e8b465ee728b)
Start importing Assets/Sprite/Floor.png using Guid(61c3a08073a416941ac602bc1c0e18d5) Importer(815301076,1909f56bfc062723c751e8b465ee728b)  -> (artifact id: 'ed72daae866bf19a6afaee9c42d8a311') in 0.006499 seconds
  Import took 0.009224 seconds .

========================================================================
Received Import Request.
  Time since last request: 0.000191 seconds.
  path: Assets/Sprite/UI
  artifactKey: Guid(9487ee64c96ac8746b44a7818d1f0cd1) Importer(815301076,1909f56bfc062723c751e8b465ee728b)
Start importing Assets/Sprite/UI using Guid(9487ee64c96ac8746b44a7818d1f0cd1) Importer(815301076,1909f56bfc062723c751e8b465ee728b)  -> (artifact id: '07f94315bd0495f626369b4d6730ac94') in 0.001422 seconds
  Import took 0.004004 seconds .

========================================================================
Received Import Request.
  Time since last request: 0.000196 seconds.
  path: Assets/Sprite/Player.png
  artifactKey: Guid(d375d8cd8ab3c0e4f95a4484466df366) Importer(815301076,1909f56bfc062723c751e8b465ee728b)
Start importing Assets/Sprite/Player.png using Guid(d375d8cd8ab3c0e4f95a4484466df366) Importer(815301076,1909f56bfc062723c751e8b465ee728b)  -> (artifact id: '3806740fb7ab0b178aebc8712edcb0a2') in 0.006746 seconds
  Import took 0.009593 seconds .

========================================================================
Received Import Request.
  Time since last request: 0.000186 seconds.
  path: Assets/Sprite/Skeleton.png
  artifactKey: Guid(b8ead25743f8e9b4fa69319865d516de) Importer(815301076,1909f56bfc062723c751e8b465ee728b)
Start importing Assets/Sprite/Skeleton.png using Guid(b8ead25743f8e9b4fa69319865d516de) Importer(815301076,1909f56bfc062723c751e8b465ee728b)  -> (artifact id: '93526e53c95e1400ed1fa7477f920f0c') in 0.010578 seconds
  Import took 0.013389 seconds .

========================================================================
Received Import Request.
  Time since last request: 0.000240 seconds.
  path: Assets/Sprite/Player&Gun.png
  artifactKey: Guid(ae40639117c69754abda8e6dd9a90472) Importer(815301076,1909f56bfc062723c751e8b465ee728b)
Start importing Assets/Sprite/Player&Gun.png using Guid(ae40639117c69754abda8e6dd9a90472) Importer(815301076,1909f56bfc062723c751e8b465ee728b)  -> (artifact id: 'c6329bad6671387effde5e17acfafdad') in 0.011545 seconds
  Import took 0.014604 seconds .

========================================================================
Received Import Request.
  Time since last request: 0.000188 seconds.
  path: Assets/Sprite/Safezone_floor.png
  artifactKey: Guid(215d79748f0d28340a7cbdf7b7a612ed) Importer(815301076,1909f56bfc062723c751e8b465ee728b)
Start importing Assets/Sprite/Safezone_floor.png using Guid(215d79748f0d28340a7cbdf7b7a612ed) Importer(815301076,1909f56bfc062723c751e8b465ee728b)  -> (artifact id: '3d8eae0261c5f8e667278390811f848d') in 0.010897 seconds
  Import took 0.013728 seconds .

========================================================================
Received Import Request.
  Time since last request: 0.000176 seconds.
  path: Assets/Sprite/Floor2.png
  artifactKey: Guid(9badb5945d713624bb7bc3e93814557c) Importer(815301076,1909f56bfc062723c751e8b465ee728b)
Start importing Assets/Sprite/Floor2.png using Guid(9badb5945d713624bb7bc3e93814557c) Importer(815301076,1909f56bfc062723c751e8b465ee728b)  -> (artifact id: '755bc8f018d0d510441502c2f19b21b4') in 0.014802 seconds
  Import took 0.017489 seconds .

========================================================================
Received Import Request.
  Time since last request: 0.000209 seconds.
  path: Assets/Sprite/Wall.png
  artifactKey: Guid(673a973cdc435b243aa27226ff437d1b) Importer(815301076,1909f56bfc062723c751e8b465ee728b)
Start importing Assets/Sprite/Wall.png using Guid(673a973cdc435b243aa27226ff437d1b) Importer(815301076,1909f56bfc062723c751e8b465ee728b)  -> (artifact id: '2323b34dbd59a08e4b6d88f0cbbb6c48') in 0.005564 seconds
  Import took 0.008277 seconds .

========================================================================
Received Import Request.
  Time since last request: 0.000225 seconds.
  path: Assets/Sprite/UI/Stamina Gauge bar.png
  artifactKey: Guid(dfe467580f3fd0944961172650240fb4) Importer(815301076,1909f56bfc062723c751e8b465ee728b)
Start importing Assets/Sprite/UI/Stamina Gauge bar.png using Guid(dfe467580f3fd0944961172650240fb4) Importer(815301076,1909f56bfc062723c751e8b465ee728b)  -> (artifact id: '14979a55dded7235d8ec0bbea3ac0571') in 0.009540 seconds
  Import took 0.012285 seconds .

========================================================================
Received Import Request.
  Time since last request: 0.000185 seconds.
  path: Assets/Sprite
  artifactKey: Guid(c607a61654af5474a8a022e7680f65e6) Importer(815301076,1909f56bfc062723c751e8b465ee728b)
Start importing Assets/Sprite using Guid(c607a61654af5474a8a022e7680f65e6) Importer(815301076,1909f56bfc062723c751e8b465ee728b)  -> (artifact id: 'fbeee79e8d96ca10b1236629ec508d6d') in 0.001423 seconds
  Import took 0.004030 seconds .

========================================================================
Received Import Request.
  Time since last request: 5.293435 seconds.
  path: Assets/Animation/Player/Player's_arm.png
  artifactKey: Guid(b9153adde048245458ff72d4327f7226) Importer(815301076,1909f56bfc062723c751e8b465ee728b)
Start importing Assets/Animation/Player/Player's_arm.png using Guid(b9153adde048245458ff72d4327f7226) Importer(815301076,1909f56bfc062723c751e8b465ee728b)  -> (artifact id: '1c859ed1dc5e4cc080f4c43bb2d59c86') in 0.007308 seconds
  Import took 0.010391 seconds .

========================================================================
Received Import Request.
  Time since last request: 0.000217 seconds.
  path: Assets/Animation/Player/Player3.png
  artifactKey: Guid(aea51cd865e292443a59dffdf44adb39) Importer(815301076,1909f56bfc062723c751e8b465ee728b)
Start importing Assets/Animation/Player/Player3.png using Guid(aea51cd865e292443a59dffdf44adb39) Importer(815301076,1909f56bfc062723c751e8b465ee728b)  -> (artifact id: '708e9d67c568b26b856a0f88bde6cf87') in 0.007404 seconds
  Import took 0.010127 seconds .

========================================================================
Received Import Request.
  Time since last request: 0.000288 seconds.
  path: Assets/Animation/Player/Player7.png
  artifactKey: Guid(7252c509904254c41877d3ac04fb27ec) Importer(815301076,1909f56bfc062723c751e8b465ee728b)
Start importing Assets/Animation/Player/Player7.png using Guid(7252c509904254c41877d3ac04fb27ec) Importer(815301076,1909f56bfc062723c751e8b465ee728b)  -> (artifact id: 'c50a8a41e9e4bb3531218ce92e389c80') in 0.015639 seconds
  Import took 0.018460 seconds .

========================================================================
Received Import Request.
  Time since last request: 0.000214 seconds.
  path: Assets/Animation/Player/Player8.png
  artifactKey: Guid(554ec13300705c14e8e6ef45bcfaca17) Importer(815301076,1909f56bfc062723c751e8b465ee728b)
Start importing Assets/Animation/Player/Player8.png using Guid(554ec13300705c14e8e6ef45bcfaca17) Importer(815301076,1909f56bfc062723c751e8b465ee728b)  -> (artifact id: '151d26b7068d3a08e64791ea64590af2') in 0.013397 seconds
  Import took 0.016043 seconds .

========================================================================
Received Import Request.
  Time since last request: 0.000204 seconds.
  path: Assets/Animation/Player/Player4.png
  artifactKey: Guid(de2898887e9d220489a6f7b7e651141d) Importer(815301076,1909f56bfc062723c751e8b465ee728b)
Start importing Assets/Animation/Player/Player4.png using Guid(de2898887e9d220489a6f7b7e651141d) Importer(815301076,1909f56bfc062723c751e8b465ee728b)  -> (artifact id: '4b63713747a0bf3c525b8e54e3f7e24d') in 0.009605 seconds
  Import took 0.012604 seconds .

========================================================================
Received Import Request.
  Time since last request: 0.000212 seconds.
  path: Assets/Animation/Player/Player2.png
  artifactKey: Guid(9a216dde9e65543418816bb0a7ac13ff) Importer(815301076,1909f56bfc062723c751e8b465ee728b)
Start importing Assets/Animation/Player/Player2.png using Guid(9a216dde9e65543418816bb0a7ac13ff) Importer(815301076,1909f56bfc062723c751e8b465ee728b)  -> (artifact id: '7f1080b227db95c489afcea4c986c85e') in 0.009766 seconds
  Import took 0.012666 seconds .

========================================================================
Received Import Request.
  Time since last request: 0.000182 seconds.
  path: Assets/Animation/Player/Player5.png
  artifactKey: Guid(85346aab24a099745af61b18ae6b4168) Importer(815301076,1909f56bfc062723c751e8b465ee728b)
Start importing Assets/Animation/Player/Player5.png using Guid(85346aab24a099745af61b18ae6b4168) Importer(815301076,1909f56bfc062723c751e8b465ee728b)  -> (artifact id: '57b6b35d51364698082644ee29756c01') in 0.010408 seconds
  Import took 0.013079 seconds .

========================================================================
Received Import Request.
  Time since last request: 0.000187 seconds.
  path: Assets/Animation/Player/Player6.png
  artifactKey: Guid(7dbd7a63661eed14eb761e71e68bc16b) Importer(815301076,1909f56bfc062723c751e8b465ee728b)
Start importing Assets/Animation/Player/Player6.png using Guid(7dbd7a63661eed14eb761e71e68bc16b) Importer(815301076,1909f56bfc062723c751e8b465ee728b)  -> (artifact id: 'c5b9cea4a95e311698483435227d9d8a') in 0.006604 seconds
  Import took 0.009416 seconds .

========================================================================
Received Import Request.
  Time since last request: 0.446290 seconds.
  path: Assets/Animation/Skeleton/Skeleton2.png
  artifactKey: Guid(f29556a553abe3643a6c10e75476d768) Importer(815301076,1909f56bfc062723c751e8b465ee728b)
Start importing Assets/Animation/Skeleton/Skeleton2.png using Guid(f29556a553abe3643a6c10e75476d768) Importer(815301076,1909f56bfc062723c751e8b465ee728b)  -> (artifact id: '06f97935841563f41962d8cbe48d5b2d') in 0.007633 seconds
  Import took 0.010741 seconds .

========================================================================
Received Import Request.
  Time since last request: 0.000272 seconds.
  path: Assets/Animation/Skeleton/Skeleton7.png
  artifactKey: Guid(f5ff704b0200cda4197207310cc19557) Importer(815301076,1909f56bfc062723c751e8b465ee728b)
Start importing Assets/Animation/Skeleton/Skeleton7.png using Guid(f5ff704b0200cda4197207310cc19557) Importer(815301076,1909f56bfc062723c751e8b465ee728b)  -> (artifact id: '6529ceff884f85c744f5c5f50a45956a') in 0.016872 seconds
  Import took 0.019748 seconds .

========================================================================
Received Import Request.
  Time since last request: 0.000283 seconds.
  path: Assets/Animation/Skeleton/Skeleton6.png
  artifactKey: Guid(c7c96a41f144cab479966023dba84cce) Importer(815301076,1909f56bfc062723c751e8b465ee728b)
Start importing Assets/Animation/Skeleton/Skeleton6.png using Guid(c7c96a41f144cab479966023dba84cce) Importer(815301076,1909f56bfc062723c751e8b465ee728b)  -> (artifact id: '1873777f80c2326bac843eea62097325') in 0.014487 seconds
  Import took 0.017195 seconds .

========================================================================
Received Import Request.
  Time since last request: 0.000251 seconds.
  path: Assets/Animation/Skeleton/Skeleton8.png
  artifactKey: Guid(1676cc3e37b51e54eb56ebe196409478) Importer(815301076,1909f56bfc062723c751e8b465ee728b)
Start importing Assets/Animation/Skeleton/Skeleton8.png using Guid(1676cc3e37b51e54eb56ebe196409478) Importer(815301076,1909f56bfc062723c751e8b465ee728b)  -> (artifact id: '0f62e7310cda0408ad4e74fb8664546f') in 0.021339 seconds
  Import took 0.023930 seconds .

========================================================================
Received Import Request.
  Time since last request: 0.000250 seconds.
  path: Assets/Animation/Skeleton/Skeleton4.png
  artifactKey: Guid(55b6b0f787b0a644fbbe3c0cfdba5386) Importer(815301076,1909f56bfc062723c751e8b465ee728b)
Start importing Assets/Animation/Skeleton/Skeleton4.png using Guid(55b6b0f787b0a644fbbe3c0cfdba5386) Importer(815301076,1909f56bfc062723c751e8b465ee728b)  -> (artifact id: '29dcb0439791b82607860953407f1e0a') in 0.006211 seconds
  Import took 0.008816 seconds .

========================================================================
Received Import Request.
  Time since last request: 0.000298 seconds.
  path: Assets/Animation/Skeleton/Skeleton5.png
  artifactKey: Guid(6487babb57cb46342aa7e630448f408d) Importer(815301076,1909f56bfc062723c751e8b465ee728b)
Start importing Assets/Animation/Skeleton/Skeleton5.png using Guid(6487babb57cb46342aa7e630448f408d) Importer(815301076,1909f56bfc062723c751e8b465ee728b)  -> (artifact id: '64145baa13ab65ccc4e5a4d0bb8926b5') in 0.012825 seconds
  Import took 0.015649 seconds .

========================================================================
Received Import Request.
  Time since last request: 0.000248 seconds.
  path: Assets/Animation/Skeleton/Skeleton3.png
  artifactKey: Guid(ce39a6fea2e7ab0478176b9aaf4e206e) Importer(815301076,1909f56bfc062723c751e8b465ee728b)
Start importing Assets/Animation/Skeleton/Skeleton3.png using Guid(ce39a6fea2e7ab0478176b9aaf4e206e) Importer(815301076,1909f56bfc062723c751e8b465ee728b)  -> (artifact id: 'b527b410b8de7f82cb57b61e265d95e4') in 0.016965 seconds
  Import took 0.019710 seconds .

AssetImportWorkerClient::OnTransportError - code=2 error=End of file
