Using pre-set license
Built from '2020.3/staging' branch; Version is '2020.3.8f1 (507919d4fff5) revision 5273881'; Using compiler version '192528614'; Build Type 'Release'
OS: 'Windows 10 Pro; OS build 19042.1052; Version 2009; 64bit' Language: 'ko' Physical Memory: 16343 MB
BatchMode: 1, IsHumanControllingUs: 0, StartBugReporterOnCrash: 0, Is64bit: 1, IsPro: 0

 COMMAND LINE ARGUMENTS:
C:\Program Files\Unity\Hub\Editor\2020.3.8f1\Editor\Unity.exe
-adb2
-batchMode
-noUpm
-name
AssetImportWorker0
-projectPath
C:/Users/gkstj/OneDrive/문서/GitHub/KillerAnna
-logFile
Logs/AssetImportWorker0.log
-srvPort
56921
Successfully changed project path to: C:/Users/gkstj/OneDrive/문서/GitHub/KillerAnna
C:/Users/gkstj/OneDrive/문서/GitHub/KillerAnna
Using Asset Import Pipeline V2.
Refreshing native plugins compatible for Editor in 40.49 ms, found 1 plugins.
Preloading 0 native plugins for Editor in 0.00 ms.
Initialize engine version: 2020.3.8f1 (507919d4fff5)
[Subsystems] Discovering subsystems at path C:/Program Files/Unity/Hub/Editor/2020.3.8f1/Editor/Data/Resources/UnitySubsystems
[Subsystems] Discovering subsystems at path C:/Users/gkstj/OneDrive/문서/GitHub/KillerAnna/Assets
GfxDevice: creating device client; threaded=0
Direct3D:
    Version:  Direct3D 11.0 [level 11.1]
    Renderer: NVIDIA GeForce GTX 1060 3GB (ID=0x1c02)
    Vendor:   
    VRAM:     2988 MB
    Driver:   27.21.14.5671
Initialize mono
Mono path[0] = 'C:/Program Files/Unity/Hub/Editor/2020.3.8f1/Editor/Data/Managed'
Mono path[1] = 'C:/Program Files/Unity/Hub/Editor/2020.3.8f1/Editor/Data/MonoBleedingEdge/lib/mono/unityjit'
Mono config path = 'C:/Program Files/Unity/Hub/Editor/2020.3.8f1/Editor/Data/MonoBleedingEdge/etc'
Using monoOptions --debugger-agent=transport=dt_socket,embedding=1,server=y,suspend=n,address=127.0.0.1:56728
Begin MonoManager ReloadAssembly
Registering precompiled unity dll's ...
Register platform support module: C:/Program Files/Unity/Hub/Editor/2020.3.8f1/Editor/Data/PlaybackEngines/WindowsStandaloneSupport/UnityEditor.WindowsStandalone.Extensions.dll
Registered in 0.003173 seconds.
Native extension for WindowsStandalone target not found
Refreshing native plugins compatible for Editor in 37.59 ms, found 1 plugins.
Preloading 0 native plugins for Editor in 0.00 ms.
Mono: successfully reloaded assembly
- Completed reload, in  1.364 seconds
Platform modules already initialized, skipping
Registering precompiled user dll's ...
Registered in 0.001357 seconds.
Begin MonoManager ReloadAssembly
Native extension for WindowsStandalone target not found
Refreshing native plugins compatible for Editor in 37.43 ms, found 1 plugins.
Preloading 0 native plugins for Editor in 0.00 ms.
Mono: successfully reloaded assembly
- Completed reload, in  1.012 seconds
Platform modules already initialized, skipping
========================================================================
Worker process is ready to serve import requests
Launched and connected shader compiler UnityShaderCompiler.exe after 0.06 seconds
Refreshing native plugins compatible for Editor in 0.31 ms, found 1 plugins.
Preloading 0 native plugins for Editor in 0.00 ms.
Unloading 1821 Unused Serialized files (Serialized files now loaded: 0)
System memory in use before: 85.3 MB.
System memory in use after: 85.2 MB.

Unloading 24 unused Assets to reduce memory usage. Loaded Objects now: 2265.
Total: 2.183600 ms (FindLiveObjects: 0.158600 ms CreateObjectMapping: 0.065000 ms MarkObjects: 1.840300 ms  DeleteObjects: 0.118500 ms)

========================================================================
Received Import Request.
  path: Assets/Script/player_attack.cs
  artifactKey: Guid(af888710619f0844080c4514f29a1f90) Importer(815301076,1909f56bfc062723c751e8b465ee728b)
Start importing Assets/Script/player_attack.cs using Guid(af888710619f0844080c4514f29a1f90) Importer(815301076,1909f56bfc062723c751e8b465ee728b)  -> (artifact id: '28178a37b4e5f4baa128814b8cabddd3') in 0.046441 seconds
  Import took 0.049672 seconds .

========================================================================
Received Import Request.
  Time since last request: 0.000278 seconds.
  path: Assets/Script/PlayerMove.cs
  artifactKey: Guid(696cde6657080d749a5dc011a3a893e7) Importer(815301076,1909f56bfc062723c751e8b465ee728b)
Start importing Assets/Script/PlayerMove.cs using Guid(696cde6657080d749a5dc011a3a893e7) Importer(815301076,1909f56bfc062723c751e8b465ee728b)  -> (artifact id: 'd3fd2b84c4abb56828c96ee40c44860f') in 0.009600 seconds
  Import took 0.015381 seconds .

========================================================================
Received Prepare
Refreshing native plugins compatible for Editor in 3.58 ms, found 1 plugins.
Preloading 0 native plugins for Editor in 0.00 ms.
Unloading 10 Unused Serialized files (Serialized files now loaded: 0)
System memory in use before: 49.3 MB.
System memory in use after: 49.3 MB.

Unloading 10 unused Assets to reduce memory usage. Loaded Objects now: 2265.
Total: 1.814100 ms (FindLiveObjects: 0.175600 ms CreateObjectMapping: 0.076600 ms MarkObjects: 1.459400 ms  DeleteObjects: 0.101500 ms)

========================================================================
Received Prepare
Registering precompiled user dll's ...
Registered in 0.003982 seconds.
Begin MonoManager ReloadAssembly
Native extension for WindowsStandalone target not found
Refreshing native plugins compatible for Editor in 0.37 ms, found 1 plugins.
Preloading 0 native plugins for Editor in 0.00 ms.
Mono: successfully reloaded assembly
- Completed reload, in  0.950 seconds
Platform modules already initialized, skipping
Refreshing native plugins compatible for Editor in 0.32 ms, found 1 plugins.
Preloading 0 native plugins for Editor in 0.00 ms.
Unloading 1816 Unused Serialized files (Serialized files now loaded: 0)
System memory in use before: 85.2 MB.
System memory in use after: 85.2 MB.

Unloading 12 unused Assets to reduce memory usage. Loaded Objects now: 2269.
Total: 1.765000 ms (FindLiveObjects: 0.167200 ms CreateObjectMapping: 0.063600 ms MarkObjects: 1.424900 ms  DeleteObjects: 0.108600 ms)

========================================================================
Received Prepare
Registering precompiled user dll's ...
Registered in 0.001398 seconds.
Begin MonoManager ReloadAssembly
Native extension for WindowsStandalone target not found
Refreshing native plugins compatible for Editor in 0.34 ms, found 1 plugins.
Preloading 0 native plugins for Editor in 0.00 ms.
Mono: successfully reloaded assembly
- Completed reload, in  1.040 seconds
Platform modules already initialized, skipping
Refreshing native plugins compatible for Editor in 0.37 ms, found 1 plugins.
Preloading 0 native plugins for Editor in 0.00 ms.
Unloading 1816 Unused Serialized files (Serialized files now loaded: 0)
System memory in use before: 85.3 MB.
System memory in use after: 85.3 MB.

Unloading 12 unused Assets to reduce memory usage. Loaded Objects now: 2273.
Total: 1.846800 ms (FindLiveObjects: 0.153700 ms CreateObjectMapping: 0.059000 ms MarkObjects: 1.525800 ms  DeleteObjects: 0.107300 ms)

========================================================================
Received Prepare
Registering precompiled user dll's ...
Registered in 0.002407 seconds.
Begin MonoManager ReloadAssembly
Native extension for WindowsStandalone target not found
Refreshing native plugins compatible for Editor in 0.33 ms, found 1 plugins.
Preloading 0 native plugins for Editor in 0.00 ms.
Mono: successfully reloaded assembly
- Completed reload, in  0.920 seconds
Platform modules already initialized, skipping
Refreshing native plugins compatible for Editor in 0.32 ms, found 1 plugins.
Preloading 0 native plugins for Editor in 0.00 ms.
Unloading 1816 Unused Serialized files (Serialized files now loaded: 0)
System memory in use before: 85.3 MB.
System memory in use after: 85.3 MB.

Unloading 12 unused Assets to reduce memory usage. Loaded Objects now: 2277.
Total: 2.328000 ms (FindLiveObjects: 0.198500 ms CreateObjectMapping: 0.063400 ms MarkObjects: 1.962200 ms  DeleteObjects: 0.102600 ms)

========================================================================
Received Prepare
Registering precompiled user dll's ...
Registered in 0.001381 seconds.
Begin MonoManager ReloadAssembly
Native extension for WindowsStandalone target not found
Refreshing native plugins compatible for Editor in 0.36 ms, found 1 plugins.
Preloading 0 native plugins for Editor in 0.00 ms.
Mono: successfully reloaded assembly
- Completed reload, in  0.932 seconds
Platform modules already initialized, skipping
Refreshing native plugins compatible for Editor in 0.51 ms, found 1 plugins.
Preloading 0 native plugins for Editor in 0.00 ms.
Unloading 1816 Unused Serialized files (Serialized files now loaded: 0)
System memory in use before: 85.3 MB.
System memory in use after: 85.3 MB.

Unloading 12 unused Assets to reduce memory usage. Loaded Objects now: 2281.
Total: 2.066200 ms (FindLiveObjects: 0.202600 ms CreateObjectMapping: 0.059700 ms MarkObjects: 1.671400 ms  DeleteObjects: 0.131300 ms)

========================================================================
Received Prepare
Registering precompiled user dll's ...
Registered in 0.002723 seconds.
Begin MonoManager ReloadAssembly
Native extension for WindowsStandalone target not found
Refreshing native plugins compatible for Editor in 0.74 ms, found 1 plugins.
Preloading 0 native plugins for Editor in 0.00 ms.
Mono: successfully reloaded assembly
- Completed reload, in  1.598 seconds
Platform modules already initialized, skipping
Refreshing native plugins compatible for Editor in 1.36 ms, found 1 plugins.
Preloading 0 native plugins for Editor in 0.00 ms.
Unloading 1816 Unused Serialized files (Serialized files now loaded: 0)
System memory in use before: 85.4 MB.
System memory in use after: 85.3 MB.

Unloading 12 unused Assets to reduce memory usage. Loaded Objects now: 2285.
Total: 2.870000 ms (FindLiveObjects: 0.157100 ms CreateObjectMapping: 0.058400 ms MarkObjects: 2.523700 ms  DeleteObjects: 0.129400 ms)

========================================================================
Received Prepare
Registering precompiled user dll's ...
Registered in 0.001456 seconds.
Begin MonoManager ReloadAssembly
Native extension for WindowsStandalone target not found
Refreshing native plugins compatible for Editor in 0.35 ms, found 1 plugins.
Preloading 0 native plugins for Editor in 0.00 ms.
Mono: successfully reloaded assembly
- Completed reload, in  0.969 seconds
Platform modules already initialized, skipping
Refreshing native plugins compatible for Editor in 0.38 ms, found 1 plugins.
Preloading 0 native plugins for Editor in 0.00 ms.
Unloading 1816 Unused Serialized files (Serialized files now loaded: 0)
System memory in use before: 85.4 MB.
System memory in use after: 85.3 MB.

Unloading 12 unused Assets to reduce memory usage. Loaded Objects now: 2289.
Total: 2.683300 ms (FindLiveObjects: 0.201600 ms CreateObjectMapping: 0.073100 ms MarkObjects: 2.158100 ms  DeleteObjects: 0.249100 ms)

========================================================================
Received Import Request.
  Time since last request: 12084.837399 seconds.
  path: Assets/Prefep/Bullet.prefab
  artifactKey: Guid(11b095f3114923b408ded16765678ead) Importer(815301076,1909f56bfc062723c751e8b465ee728b)
Start importing Assets/Prefep/Bullet.prefab using Guid(11b095f3114923b408ded16765678ead) Importer(815301076,1909f56bfc062723c751e8b465ee728b)  -> (artifact id: '22824bed545605b2c66c644ca1cb5b25') in 0.123384 seconds
  Import took 0.127441 seconds .

========================================================================
Received Import Request.
  Time since last request: 0.000316 seconds.
  path: Assets/Prefep/fake.prefab
  artifactKey: Guid(e5850f8515a70364da26fcd371722446) Importer(815301076,1909f56bfc062723c751e8b465ee728b)
Start importing Assets/Prefep/fake.prefab using Guid(e5850f8515a70364da26fcd371722446) Importer(815301076,1909f56bfc062723c751e8b465ee728b)  -> (artifact id: '36802ee9b710363239f4480f4122f9fd') in 0.029716 seconds
  Import took 0.033155 seconds .

========================================================================
Received Import Request.
  Time since last request: 0.000241 seconds.
  path: Assets/Prefep/Player.prefab
  artifactKey: Guid(cd86edf79fa2b044ca4d0fd6a4a42e8d) Importer(815301076,1909f56bfc062723c751e8b465ee728b)
Start importing Assets/Prefep/Player.prefab using Guid(cd86edf79fa2b044ca4d0fd6a4a42e8d) Importer(815301076,1909f56bfc062723c751e8b465ee728b)  -> (artifact id: '6901fb34e8d67c7ac01095d878a62e11') in 0.028551 seconds
  Import took 0.031909 seconds .

========================================================================
Received Import Request.
  Time since last request: 3.446538 seconds.
  path: Assets/Sprite/Wall
  artifactKey: Guid(b36b9a1e5e2bbc14ea2b329b8bd45363) Importer(815301076,1909f56bfc062723c751e8b465ee728b)
Start importing Assets/Sprite/Wall using Guid(b36b9a1e5e2bbc14ea2b329b8bd45363) Importer(815301076,1909f56bfc062723c751e8b465ee728b)  -> (artifact id: '32bc2cf76b3ee66752addc3997bb932b') in 0.027060 seconds
  Import took 0.036255 seconds .

========================================================================
Received Import Request.
  Time since last request: 0.002831 seconds.
  path: Assets/Sprite/Wall/BrokenWall.png
  artifactKey: Guid(863378fdbd39ffe499af7925b706b83c) Importer(815301076,1909f56bfc062723c751e8b465ee728b)
Start importing Assets/Sprite/Wall/BrokenWall.png using Guid(863378fdbd39ffe499af7925b706b83c) Importer(815301076,1909f56bfc062723c751e8b465ee728b)  -> (artifact id: '6185ebcc1ee30b0ab3e2f0de79a7cda7') in 0.090190 seconds
  Import took 0.093398 seconds .

========================================================================
Received Import Request.
  Time since last request: 0.000201 seconds.
  path: Assets/Sprite/Wall/WallOutside.png
  artifactKey: Guid(4e1fddf2711c87f44b93b7a8c8184c22) Importer(815301076,1909f56bfc062723c751e8b465ee728b)
Start importing Assets/Sprite/Wall/WallOutside.png using Guid(4e1fddf2711c87f44b93b7a8c8184c22) Importer(815301076,1909f56bfc062723c751e8b465ee728b)  -> (artifact id: '2208759dc49dfd1a3db82a38df1ee9c1') in 0.021152 seconds
  Import took 0.023766 seconds .

========================================================================
Received Prepare
Registering precompiled user dll's ...
Registered in 0.001717 seconds.
Begin MonoManager ReloadAssembly
Native extension for WindowsStandalone target not found
Refreshing native plugins compatible for Editor in 0.34 ms, found 1 plugins.
Preloading 0 native plugins for Editor in 0.00 ms.
Mono: successfully reloaded assembly
- Completed reload, in  0.928 seconds
Platform modules already initialized, skipping
Refreshing native plugins compatible for Editor in 0.38 ms, found 1 plugins.
Preloading 0 native plugins for Editor in 0.00 ms.
Unloading 1816 Unused Serialized files (Serialized files now loaded: 0)
System memory in use before: 88.5 MB.
System memory in use after: 88.5 MB.

Unloading 12 unused Assets to reduce memory usage. Loaded Objects now: 2303.
Total: 1.859600 ms (FindLiveObjects: 0.178100 ms CreateObjectMapping: 0.070300 ms MarkObjects: 1.505800 ms  DeleteObjects: 0.104200 ms)

========================================================================
Received Import Request.
  Time since last request: 6.854256 seconds.
  path: Assets/Sprite/Wall/BrokenWall.png
  artifactKey: Guid(863378fdbd39ffe499af7925b706b83c) Importer(815301076,1909f56bfc062723c751e8b465ee728b)
Start importing Assets/Sprite/Wall/BrokenWall.png using Guid(863378fdbd39ffe499af7925b706b83c) Importer(815301076,1909f56bfc062723c751e8b465ee728b)  -> (artifact id: '68adcaef8979bb1c0b367a6babdf9e5e') in 0.051808 seconds
  Import took 0.055216 seconds .

========================================================================
Received Import Request.
  Time since last request: 0.030135 seconds.
  path: Assets/Sprite/Wall/BrokenWall.png
  artifactKey: Guid(863378fdbd39ffe499af7925b706b83c) Importer(815301076,1909f56bfc062723c751e8b465ee728b)
Start importing Assets/Sprite/Wall/BrokenWall.png using Guid(863378fdbd39ffe499af7925b706b83c) Importer(815301076,1909f56bfc062723c751e8b465ee728b)  -> (artifact id: '68adcaef8979bb1c0b367a6babdf9e5e') in 0.010688 seconds
  Import took 0.014015 seconds .

========================================================================
Received Prepare
Registering precompiled user dll's ...
Registered in 0.001372 seconds.
Begin MonoManager ReloadAssembly
Native extension for WindowsStandalone target not found
Refreshing native plugins compatible for Editor in 0.36 ms, found 1 plugins.
Preloading 0 native plugins for Editor in 0.00 ms.
Mono: successfully reloaded assembly
- Completed reload, in  0.923 seconds
Platform modules already initialized, skipping
Refreshing native plugins compatible for Editor in 0.32 ms, found 1 plugins.
Preloading 0 native plugins for Editor in 0.00 ms.
Unloading 1816 Unused Serialized files (Serialized files now loaded: 0)
System memory in use before: 88.5 MB.
System memory in use after: 88.5 MB.

Unloading 12 unused Assets to reduce memory usage. Loaded Objects now: 2308.
Total: 1.790100 ms (FindLiveObjects: 0.177000 ms CreateObjectMapping: 0.069700 ms MarkObjects: 1.443400 ms  DeleteObjects: 0.099000 ms)

========================================================================
Received Prepare
Registering precompiled user dll's ...
Registered in 0.001335 seconds.
Begin MonoManager ReloadAssembly
Native extension for WindowsStandalone target not found
Refreshing native plugins compatible for Editor in 0.32 ms, found 1 plugins.
Preloading 0 native plugins for Editor in 0.00 ms.
Mono: successfully reloaded assembly
- Completed reload, in  0.841 seconds
Platform modules already initialized, skipping
Refreshing native plugins compatible for Editor in 0.33 ms, found 1 plugins.
Preloading 0 native plugins for Editor in 0.00 ms.
Unloading 1816 Unused Serialized files (Serialized files now loaded: 0)
System memory in use before: 88.5 MB.
System memory in use after: 88.5 MB.

Unloading 12 unused Assets to reduce memory usage. Loaded Objects now: 2312.
Total: 1.847700 ms (FindLiveObjects: 0.173700 ms CreateObjectMapping: 0.068900 ms MarkObjects: 1.472400 ms  DeleteObjects: 0.132000 ms)

AssetImportWorkerClient::OnTransportError - code=2 error=End of file
